TN:
SF:server.js
FNF:0
FNH:0
DA:2,1
DA:3,1
DA:4,1
DA:5,1
DA:6,1
DA:7,1
DA:9,1
DA:12,1
DA:13,1
DA:16,1
DA:19,1
DA:20,1
DA:21,1
DA:22,1
DA:23,1
DA:24,1
DA:28,1
DA:29,1
DA:30,1
DA:31,1
DA:32,1
DA:33,1
DA:34,1
DA:37,1
DA:38,1
DA:39,1
DA:41,1
DA:42,0
DA:43,0
DA:44,0
DA:45,1
DA:46,0
DA:47,0
DA:48,0
DA:49,0
DA:52,1
DA:53,0
DA:54,1
DA:55,1
DA:56,6
DA:57,1
DA:60,1
DA:61,0
DA:62,0
DA:63,0
DA:64,0
DA:67,1
DA:68,0
DA:69,0
DA:70,0
DA:71,0
DA:72,0
DA:73,0
DA:74,0
DA:75,0
DA:76,0
DA:77,0
DA:78,0
DA:79,0
DA:80,0
DA:82,1
LF:61
LH:36
BRDA:37,0,0,0
BRDA:41,1,0,0
BRDA:45,2,0,0
BRDA:67,3,0,0
BRDA:55,4,0,6
BRF:5
BRH:1
end_of_record
TN:
SF:swagger.js
FNF:0
FNH:0
DA:1,1
DA:2,1
DA:3,1
DA:4,1
DA:5,1
DA:6,1
DA:8,1
DA:9,1
DA:10,1
DA:11,1
DA:12,1
DA:13,1
DA:14,1
DA:15,1
DA:16,1
DA:17,1
DA:18,1
DA:19,1
DA:20,1
DA:21,1
DA:22,1
DA:23,1
DA:24,1
DA:25,1
DA:27,1
LF:25
LH:25
BRDA:16,0,0,0
BRF:1
BRH:0
end_of_record
TN:
SF:middleware\authMiddleware.js
FN:4,authMiddleware
FNF:1
FNH:1
FNDA:13,authMiddleware
DA:1,1
DA:2,1
DA:4,1
DA:5,13
DA:6,13
DA:7,3
DA:8,3
DA:10,10
DA:11,10
DA:12,10
DA:13,10
DA:14,10
DA:15,10
DA:16,12
DA:17,3
DA:18,3
DA:19,13
LF:17
LH:17
BRDA:4,0,0,13
BRDA:6,1,0,10
BRDA:6,2,0,12
BRDA:6,3,0,3
BRDA:8,4,0,10
BRDA:16,5,0,3
BRF:6
BRH:6
end_of_record
TN:
SF:middleware\roleMiddleware.js
FN:2,roleMiddleware
FNF:1
FNH:1
FNDA:8,roleMiddleware
DA:1,1
DA:2,1
DA:3,8
DA:4,7
DA:5,2
DA:6,2
DA:7,5
DA:8,8
DA:9,8
LF:9
LH:9
BRDA:2,0,0,8
BRDA:3,1,0,7
BRDA:4,2,0,6
BRDA:4,3,0,2
BRDA:6,4,0,5
BRF:5
BRH:5
end_of_record
TN:
SF:models\User.js
FNF:0
FNH:0
DA:1,1
DA:2,1
DA:4,1
DA:5,1
DA:6,1
DA:7,1
DA:8,1
DA:9,1
DA:10,1
DA:11,1
DA:12,1
DA:13,1
DA:14,1
DA:15,1
DA:16,1
DA:17,1
DA:18,1
DA:19,1
DA:20,1
DA:21,1
DA:22,1
DA:23,1
DA:24,1
DA:25,1
DA:26,1
DA:27,1
DA:28,1
DA:29,1
DA:30,1
DA:31,1
DA:32,1
DA:33,1
DA:34,1
DA:36,1
DA:37,1
DA:38,1
DA:40,1
LF:37
LH:37
BRF:0
BRH:0
end_of_record
TN:
SF:routes\auth.js
FNF:0
FNH:0
DA:1,1
DA:2,1
DA:3,1
DA:4,1
DA:5,1
DA:6,1
DA:7,1
DA:8,1
DA:9,1
DA:15,1
DA:17,1
DA:18,1
DA:19,1
DA:20,1
DA:21,1
DA:22,1
DA:24,1
DA:25,1
DA:26,1
DA:27,1
DA:28,1
DA:29,1
DA:30,1
DA:31,1
DA:32,1
DA:33,1
DA:34,1
DA:35,1
DA:36,1
DA:37,1
DA:38,1
DA:39,1
DA:40,1
DA:41,1
DA:42,1
DA:43,1
DA:44,1
DA:45,1
DA:46,1
DA:47,15
DA:48,15
DA:49,15
DA:50,5
DA:51,5
DA:53,10
DA:54,10
DA:55,10
DA:57,10
DA:58,15
DA:59,0
DA:60,0
DA:61,0
DA:62,1
DA:64,1
DA:65,1
DA:66,1
DA:67,1
DA:68,1
DA:69,1
DA:70,1
DA:71,1
DA:72,1
DA:73,1
DA:74,1
DA:75,1
DA:76,1
DA:77,1
DA:78,1
DA:79,1
DA:80,1
DA:81,1
DA:82,1
DA:83,1
DA:84,1
DA:85,1
DA:86,1
DA:87,1
DA:88,1
DA:89,1
DA:90,1
DA:91,1
DA:92,1
DA:93,1
DA:94,5
DA:95,5
DA:96,2
DA:97,2
DA:99,3
DA:100,3
DA:102,5
DA:103,1
DA:104,1
DA:106,2
DA:107,2
DA:108,2
DA:109,2
DA:110,2
DA:111,1
DA:113,1
DA:114,1
DA:115,1
DA:116,1
DA:117,1
DA:118,1
DA:119,1
DA:120,1
DA:121,1
DA:122,1
DA:123,1
DA:124,1
DA:125,1
DA:126,1
DA:127,1
DA:128,1
DA:130,1
DA:131,1
DA:132,1
DA:133,1
DA:134,1
DA:135,1
DA:136,1
DA:137,1
DA:138,1
DA:139,1
DA:140,1
DA:141,1
DA:142,1
DA:143,1
DA:144,1
DA:145,1
DA:146,1
DA:147,1
DA:148,1
DA:149,1
DA:150,1
DA:151,1
DA:152,1
DA:153,1
DA:154,1
DA:155,1
DA:156,1
DA:157,1
DA:158,1
DA:159,1
DA:160,1
DA:161,1
DA:162,1
DA:163,1
DA:164,1
DA:165,1
DA:166,1
DA:167,1
DA:168,1
DA:169,4
DA:170,4
DA:171,3
DA:172,3
DA:174,1
DA:175,1
DA:176,0
DA:177,0
DA:178,1
DA:179,0
DA:180,0
DA:182,1
DA:183,1
DA:184,1
DA:185,1
DA:186,1
DA:188,1
LF:170
LH:163
BRDA:46,0,0,15
BRDA:49,1,0,5
BRDA:51,2,0,10
BRDA:58,3,0,0
BRDA:93,4,0,5
BRDA:95,5,0,2
BRDA:97,6,0,3
BRDA:102,7,0,1
BRDA:104,8,0,2
BRDA:125,9,0,1
BRDA:168,10,0,4
BRDA:170,11,0,3
BRDA:172,12,0,1
BRDA:175,13,0,0
BRDA:178,14,0,0
BRF:15
BRH:12
end_of_record
TN:
SF:validators\authValidators.js
FNF:0
FNH:0
DA:1,1
DA:2,1
DA:4,1
DA:5,1
DA:6,1
DA:7,1
DA:8,1
DA:9,1
DA:10,15
DA:11,15
DA:12,1
DA:13,1
DA:14,1
DA:15,1
DA:16,1
DA:17,1
DA:18,1
DA:20,1
DA:21,1
DA:22,1
DA:23,1
DA:24,1
DA:26,1
DA:27,1
DA:28,1
DA:29,1
DA:30,1
DA:31,1
DA:32,1
LF:29
LH:29
BRDA:9,0,0,15
BRDA:11,1,0,1
BRF:2
BRH:2
end_of_record
